d:\diplom bakalavr\diplom\vkrkopiyaiteracii\vkr\vkr\x64\release\vc143.pdb
d:\diplom bakalavr\diplom\vkrkopiyaiteracii\vkr\vkr\x64\release\virtualmemoryprocessor.obj
d:\diplom bakalavr\diplom\vkrkopiyaiteracii\vkr\vkr\x64\release\os.obj
d:\diplom bakalavr\diplom\vkrkopiyaiteracii\vkr\vkr\x64\release\sim.obj
d:\diplom bakalavr\diplom\vkrkopiyaiteracii\vkr\vkr\x64\release\processor.obj
d:\diplom bakalavr\diplom\vkrkopiyaiteracii\vkr\vkr\x64\release\process.obj
d:\diplom bakalavr\diplom\vkrkopiyaiteracii\vkr\vkr\x64\release\pagetable.obj
d:\diplom bakalavr\diplom\vkrkopiyaiteracii\vkr\vkr\x64\release\pagedistribution.obj
d:\diplom bakalavr\diplom\vkrkopiyaiteracii\vkr\vkr\x64\release\mainmemory.obj
d:\diplom bakalavr\diplom\vkrkopiyaiteracii\vkr\vkr\x64\release\main.obj
d:\diplom bakalavr\diplom\vkrkopiyaiteracii\vkr\vkr\x64\release\iodevice.obj
d:\diplom bakalavr\diplom\vkrkopiyaiteracii\vkr\vkr\x64\release\archivememory.obj
d:\diplom bakalavr\diplom\vkrkopiyaiteracii\vkr\x64\release\vkr.exe
d:\diplom bakalavr\diplom\vkrkopiyaiteracii\vkr\x64\release\vkr.pdb
d:\diplom bakalavr\diplom\vkrkopiyaiteracii\vkr\vkr\x64\release\vkr.ipdb
d:\diplom bakalavr\diplom\vkrkopiyaiteracii\vkr\vkr\x64\release\vkr.iobj
d:\diplom bakalavr\diplom\vkrkopiyaiteracii\vkr\vkr\x64\release\vkr.tlog\cl.command.1.tlog
d:\diplom bakalavr\diplom\vkrkopiyaiteracii\vkr\vkr\x64\release\vkr.tlog\cl.items.tlog
d:\diplom bakalavr\diplom\vkrkopiyaiteracii\vkr\vkr\x64\release\vkr.tlog\cl.read.1.tlog
d:\diplom bakalavr\diplom\vkrkopiyaiteracii\vkr\vkr\x64\release\vkr.tlog\cl.write.1.tlog
d:\diplom bakalavr\diplom\vkrkopiyaiteracii\vkr\vkr\x64\release\vkr.tlog\link.command.1.tlog
d:\diplom bakalavr\diplom\vkrkopiyaiteracii\vkr\vkr\x64\release\vkr.tlog\link.read.1.tlog
d:\diplom bakalavr\diplom\vkrkopiyaiteracii\vkr\vkr\x64\release\vkr.tlog\link.secondary.1.tlog
d:\diplom bakalavr\diplom\vkrkopiyaiteracii\vkr\vkr\x64\release\vkr.tlog\link.write.1.tlog
